[debug] [2025-10-19T15:44:26.553Z] ----------------------------------------------------------------------
[debug] [2025-10-19T15:44:26.558Z] Command:       C:\Program Files\nodejs\node.exe C:\Users\admin\AppData\Roaming\npm\node_modules\firebase-tools\lib\bin\firebase.js init
[debug] [2025-10-19T15:44:26.558Z] CLI Version:   14.20.0
[debug] [2025-10-19T15:44:26.559Z] Platform:      win32
[debug] [2025-10-19T15:44:26.559Z] Node Version:  v22.20.0
[debug] [2025-10-19T15:44:26.559Z] Time:          Sun Oct 19 2025 21:14:26 GMT+0530 (India Standard Time)
[debug] [2025-10-19T15:44:26.559Z] ----------------------------------------------------------------------
[debug] 
[info] 
     ######## #### ########  ######## ########     ###     ######  ########
     ##        ##  ##     ## ##       ##     ##  ##   ##  ##       ##
     ######    ##  ########  ######   ########  #########  ######  ######
     ##        ##  ##    ##  ##       ##     ## ##     ##       ## ##
     ##       #### ##     ## ######## ########  ##     ##  ######  ########

You're about to initialize a Firebase project in this directory:

  C:\Users\admin\Documents\RecipeFinder\recipe-finder

[info] 
=== Project Setup
[info] 
[info] First, let's associate this project directory with a Firebase project.
[info] You can create multiple project aliases by running firebase use --add, 
[info] 
[info] i  If you want to create a project in a Google Cloud organization or folder, please use "firebase projects:create" instead, and return to this command when you've created the project. 
[debug] [2025-10-19T15:49:00.753Z] > command requires scopes: ["email","openid","https://www.googleapis.com/auth/cloudplatformprojects.readonly","https://www.googleapis.com/auth/firebase","https://www.googleapis.com/auth/cloud-platform"]
[debug] [2025-10-19T15:49:00.753Z] > authorizing via signed-in user (amanjv2005@gmail.com)
[debug] [2025-10-19T15:50:35.443Z] Checked if tokens are valid: true, expires at: 1760892201139
[debug] [2025-10-19T15:50:35.443Z] Checked if tokens are valid: true, expires at: 1760892201139
[debug] [2025-10-19T15:50:35.446Z] >>> [apiv2][query] POST https://firebase.googleapis.com/v1/projects:checkProjectId [none]
[debug] [2025-10-19T15:50:35.446Z] >>> [apiv2][body] POST https://firebase.googleapis.com/v1/projects:checkProjectId {"proposedId":"recipe-app"}
[debug] [2025-10-19T15:50:36.198Z] <<< [apiv2][status] POST https://firebase.googleapis.com/v1/projects:checkProjectId 200
[debug] [2025-10-19T15:50:36.198Z] <<< [apiv2][body] POST https://firebase.googleapis.com/v1/projects:checkProjectId {"projectIdStatus":"PROJECT_ID_UNAVAILABLE","suggestedProjectId":"recipe-app-9e684"}
[debug] [2025-10-19T15:50:54.433Z] Checked if tokens are valid: true, expires at: 1760892201139
[debug] [2025-10-19T15:50:54.434Z] Checked if tokens are valid: true, expires at: 1760892201139
[debug] [2025-10-19T15:50:54.436Z] >>> [apiv2][query] POST https://firebase.googleapis.com/v1/projects:checkProjectId [none]
[debug] [2025-10-19T15:50:54.436Z] >>> [apiv2][body] POST https://firebase.googleapis.com/v1/projects:checkProjectId {"proposedId":"recipe-app-veltech"}
[debug] [2025-10-19T15:50:55.705Z] <<< [apiv2][status] POST https://firebase.googleapis.com/v1/projects:checkProjectId 200
[debug] [2025-10-19T15:50:55.705Z] <<< [apiv2][body] POST https://firebase.googleapis.com/v1/projects:checkProjectId {"projectIdStatus":"PROJECT_ID_AVAILABLE","suggestedProjectId":"recipe-app-veltech"}
[debug] [2025-10-19T15:51:43.404Z] Checked if tokens are valid: true, expires at: 1760892201139
[debug] [2025-10-19T15:51:43.405Z] Checked if tokens are valid: true, expires at: 1760892201139
[debug] [2025-10-19T15:51:43.405Z] >>> [apiv2][query] POST https://cloudresourcemanager.googleapis.com/v1/projects [none]
[debug] [2025-10-19T15:51:43.405Z] >>> [apiv2][body] POST https://cloudresourcemanager.googleapis.com/v1/projects {"projectId":"recipe-app-veltech","name":"recipe-app-veltech"}
[debug] [2025-10-19T15:51:45.307Z] <<< [apiv2][status] POST https://cloudresourcemanager.googleapis.com/v1/projects 200
[debug] [2025-10-19T15:51:45.307Z] <<< [apiv2][body] POST https://cloudresourcemanager.googleapis.com/v1/projects {"name":"operations/create_project.global.4802220646895090523"}
[debug] [2025-10-19T15:51:45.309Z] Checked if tokens are valid: true, expires at: 1760892201139
[debug] [2025-10-19T15:51:45.309Z] Checked if tokens are valid: true, expires at: 1760892201139
[debug] [2025-10-19T15:51:45.309Z] >>> [apiv2][query] GET https://cloudresourcemanager.googleapis.com/v1/operations/create_project.global.4802220646895090523 [none]
[debug] [2025-10-19T15:51:46.903Z] <<< [apiv2][status] GET https://cloudresourcemanager.googleapis.com/v1/operations/create_project.global.4802220646895090523 200
[debug] [2025-10-19T15:51:46.903Z] <<< [apiv2][body] GET https://cloudresourcemanager.googleapis.com/v1/operations/create_project.global.4802220646895090523 {"name":"operations/create_project.global.4802220646895090523","metadata":{"@type":"type.googleapis.com/google.cloudresourcemanager.v1.ProjectCreationStatus","gettable":true,"ready":true},"done":true,"response":{"@type":"type.googleapis.com/google.cloudresourcemanager.v1.Project","projectNumber":"802142016539","projectId":"recipe-app-veltech","lifecycleState":"ACTIVE","name":"recipe-app-veltech","createTime":"2025-10-19T15:51:47.108971Z"}}
[debug] [2025-10-19T15:51:46.906Z] Checked if tokens are valid: true, expires at: 1760892201139
[debug] [2025-10-19T15:51:46.906Z] Checked if tokens are valid: true, expires at: 1760892201139
[debug] [2025-10-19T15:51:46.906Z] >>> [apiv2][query] POST https://firebase.googleapis.com/v1beta1/projects/recipe-app-veltech:addFirebase [none]
[debug] [2025-10-19T15:51:50.746Z] <<< [apiv2][status] POST https://firebase.googleapis.com/v1beta1/projects/recipe-app-veltech:addFirebase 200
[debug] [2025-10-19T15:51:50.746Z] <<< [apiv2][body] POST https://firebase.googleapis.com/v1beta1/projects/recipe-app-veltech:addFirebase {"name":"operations/workflows/MjEzOGE5YWMtYzRiMS00ZjI4LWIwM2MtNmM5N2QwODhlNzFm"}
[debug] [2025-10-19T15:51:50.747Z] Checked if tokens are valid: true, expires at: 1760892201139
[debug] [2025-10-19T15:51:50.747Z] Checked if tokens are valid: true, expires at: 1760892201139
[debug] [2025-10-19T15:51:50.747Z] >>> [apiv2][query] GET https://firebase.googleapis.com/v1beta1/operations/workflows/MjEzOGE5YWMtYzRiMS00ZjI4LWIwM2MtNmM5N2QwODhlNzFm [none]
[debug] [2025-10-19T15:51:51.783Z] <<< [apiv2][status] GET https://firebase.googleapis.com/v1beta1/operations/workflows/MjEzOGE5YWMtYzRiMS00ZjI4LWIwM2MtNmM5N2QwODhlNzFm 200
[debug] [2025-10-19T15:51:51.784Z] <<< [apiv2][body] GET https://firebase.googleapis.com/v1beta1/operations/workflows/MjEzOGE5YWMtYzRiMS00ZjI4LWIwM2MtNmM5N2QwODhlNzFm {"name":"operations/workflows/MjEzOGE5YWMtYzRiMS00ZjI4LWIwM2MtNmM5N2QwODhlNzFm"}
[debug] [2025-10-19T15:51:52.289Z] [Add Firebase Poller] Retrying task index 0
[debug] [2025-10-19T15:51:52.290Z] Checked if tokens are valid: true, expires at: 1760892201139
[debug] [2025-10-19T15:51:52.290Z] Checked if tokens are valid: true, expires at: 1760892201139
[debug] [2025-10-19T15:51:52.290Z] >>> [apiv2][query] GET https://firebase.googleapis.com/v1beta1/operations/workflows/MjEzOGE5YWMtYzRiMS00ZjI4LWIwM2MtNmM5N2QwODhlNzFm [none]
[debug] [2025-10-19T15:51:53.625Z] <<< [apiv2][status] GET https://firebase.googleapis.com/v1beta1/operations/workflows/MjEzOGE5YWMtYzRiMS00ZjI4LWIwM2MtNmM5N2QwODhlNzFm 200
[debug] [2025-10-19T15:51:53.625Z] <<< [apiv2][body] GET https://firebase.googleapis.com/v1beta1/operations/workflows/MjEzOGE5YWMtYzRiMS00ZjI4LWIwM2MtNmM5N2QwODhlNzFm {"name":"operations/workflows/MjEzOGE5YWMtYzRiMS00ZjI4LWIwM2MtNmM5N2QwODhlNzFm"}
[debug] [2025-10-19T15:51:54.629Z] [Add Firebase Poller] Retrying task index 0
[debug] [2025-10-19T15:51:54.630Z] Checked if tokens are valid: true, expires at: 1760892201139
[debug] [2025-10-19T15:51:54.630Z] Checked if tokens are valid: true, expires at: 1760892201139
[debug] [2025-10-19T15:51:54.630Z] >>> [apiv2][query] GET https://firebase.googleapis.com/v1beta1/operations/workflows/MjEzOGE5YWMtYzRiMS00ZjI4LWIwM2MtNmM5N2QwODhlNzFm [none]
[debug] [2025-10-19T15:51:55.801Z] <<< [apiv2][status] GET https://firebase.googleapis.com/v1beta1/operations/workflows/MjEzOGE5YWMtYzRiMS00ZjI4LWIwM2MtNmM5N2QwODhlNzFm 200
[debug] [2025-10-19T15:51:55.801Z] <<< [apiv2][body] GET https://firebase.googleapis.com/v1beta1/operations/workflows/MjEzOGE5YWMtYzRiMS00ZjI4LWIwM2MtNmM5N2QwODhlNzFm {"name":"operations/workflows/MjEzOGE5YWMtYzRiMS00ZjI4LWIwM2MtNmM5N2QwODhlNzFm"}
[debug] [2025-10-19T15:51:57.819Z] [Add Firebase Poller] Retrying task index 0
[debug] [2025-10-19T15:51:57.820Z] Checked if tokens are valid: true, expires at: 1760892201139
[debug] [2025-10-19T15:51:57.820Z] Checked if tokens are valid: true, expires at: 1760892201139
[debug] [2025-10-19T15:51:57.820Z] >>> [apiv2][query] GET https://firebase.googleapis.com/v1beta1/operations/workflows/MjEzOGE5YWMtYzRiMS00ZjI4LWIwM2MtNmM5N2QwODhlNzFm [none]
[debug] [2025-10-19T15:51:58.583Z] <<< [apiv2][status] GET https://firebase.googleapis.com/v1beta1/operations/workflows/MjEzOGE5YWMtYzRiMS00ZjI4LWIwM2MtNmM5N2QwODhlNzFm 200
[debug] [2025-10-19T15:51:58.583Z] <<< [apiv2][body] GET https://firebase.googleapis.com/v1beta1/operations/workflows/MjEzOGE5YWMtYzRiMS00ZjI4LWIwM2MtNmM5N2QwODhlNzFm {"name":"operations/workflows/MjEzOGE5YWMtYzRiMS00ZjI4LWIwM2MtNmM5N2QwODhlNzFm"}
[debug] [2025-10-19T15:52:02.593Z] [Add Firebase Poller] Retrying task index 0
[debug] [2025-10-19T15:52:02.594Z] Checked if tokens are valid: true, expires at: 1760892201139
[debug] [2025-10-19T15:52:02.594Z] Checked if tokens are valid: true, expires at: 1760892201139
[debug] [2025-10-19T15:52:02.595Z] >>> [apiv2][query] GET https://firebase.googleapis.com/v1beta1/operations/workflows/MjEzOGE5YWMtYzRiMS00ZjI4LWIwM2MtNmM5N2QwODhlNzFm [none]
[debug] [2025-10-19T15:52:03.385Z] <<< [apiv2][status] GET https://firebase.googleapis.com/v1beta1/operations/workflows/MjEzOGE5YWMtYzRiMS00ZjI4LWIwM2MtNmM5N2QwODhlNzFm 200
[debug] [2025-10-19T15:52:03.386Z] <<< [apiv2][body] GET https://firebase.googleapis.com/v1beta1/operations/workflows/MjEzOGE5YWMtYzRiMS00ZjI4LWIwM2MtNmM5N2QwODhlNzFm {"name":"operations/workflows/MjEzOGE5YWMtYzRiMS00ZjI4LWIwM2MtNmM5N2QwODhlNzFm","done":true,"response":{"@type":"type.googleapis.com/google.firebase.service.v1beta1.FirebaseProject","projectId":"recipe-app-veltech","projectNumber":"802142016539","displayName":"recipe-app-veltech","name":"projects/recipe-app-veltech","resources":{"hostingSite":"recipe-app-veltech"}}}
[info] 
[info] === Your Firebase project is ready! ===
[info] 
[info] Project information:
[info]    - Project ID: recipe-app-veltech
[info]    - Project Name: recipe-app-veltech
[info] 
[info] Firebase console is available at
[info] https://console.firebase.google.com/project/recipe-app-veltech/overview
[info] 
=== Hosting Setup
[debug] [2025-10-19T15:52:03.645Z] Checked if tokens are valid: true, expires at: 1760892201139
[debug] [2025-10-19T15:52:03.646Z] Checked if tokens are valid: true, expires at: 1760892201139
[debug] [2025-10-19T15:52:03.646Z] >>> [apiv2][query] GET https://firebase.googleapis.com/v1beta1/projects/recipe-app-veltech [none]
[debug] [2025-10-19T15:52:04.662Z] <<< [apiv2][status] GET https://firebase.googleapis.com/v1beta1/projects/recipe-app-veltech 200
[debug] [2025-10-19T15:52:04.663Z] <<< [apiv2][body] GET https://firebase.googleapis.com/v1beta1/projects/recipe-app-veltech {"projectId":"recipe-app-veltech","projectNumber":"802142016539","displayName":"recipe-app-veltech","name":"projects/recipe-app-veltech","resources":{"hostingSite":"recipe-app-veltech"},"state":"ACTIVE","etag":"1_82b7464d-7760-4be5-8b82-6092dad37db2"}
[info] 
[info] Your public directory is the folder (relative to your project directory) that
[info] will contain Hosting assets to be uploaded with firebase deploy. If you
[info] have a build process for your assets, use your build's output directory.
[info] 
